2024-12-13 03:54:19,714 [Worker-4: Loading available Gradle versions] INFO  o.e.b.c.i.u.g.PublishedGradleVersions - Gradle version information cache is not available. Remote download required.
2024-12-13 03:55:17,556 [Worker-6: Importing Maven projects] INFO  o.e.m.c.i.l.LifecycleMappingFactory - Using org.eclipse.m2e.jdt.JarLifecycleMapping lifecycle mapping for MavenProject: com.farmbridge:com.farmbridge:0.0.1-SNAPSHOT @ D:\DAC\Major Project\Final\FarmbrigdeBackend\FarmbrigdeBackend\com.farmbridge\pom.xml.
2024-12-13 03:55:39,500 [Worker-6: Importing Maven projects] INFO  o.e.m.j.i.AbstractJavaProjectConfigurator - Adding source folder /com.farmbridge/src/main/java
2024-12-13 03:55:39,507 [Worker-6: Importing Maven projects] INFO  o.e.m.j.i.AbstractJavaProjectConfigurator - Adding resource folder /com.farmbridge/src/main/resources
2024-12-13 03:55:39,511 [Worker-6: Importing Maven projects] INFO  o.e.m.j.i.AbstractJavaProjectConfigurator - Adding resource folder /com.farmbridge/src/main/resources
2024-12-13 03:55:39,512 [Worker-6: Importing Maven projects] INFO  o.e.m.j.i.AbstractJavaProjectConfigurator - Adding source folder /com.farmbridge/src/test/java
2024-12-13 03:55:39,515 [Worker-6: Importing Maven projects] INFO  o.e.m.j.i.AbstractJavaProjectConfigurator - Adding resource folder /com.farmbridge/src/test/resources
2024-12-13 03:55:40,987 [Worker-6: Importing Maven projects] INFO  o.e.m.c.i.p.ProjectConfigurationManager - Imported and configured 1 project(s) in 36 sec
2024-12-13 03:55:41,198 [Worker-1: Updating Maven Project] INFO  o.e.m.c.i.p.ProjectConfigurationManager - Update started
2024-12-13 03:55:42,387 [Worker-1: Updating Maven Project] INFO  o.e.m.c.i.l.LifecycleMappingFactory - Using org.eclipse.m2e.jdt.JarLifecycleMapping lifecycle mapping for MavenProject: com.farmbridge:com.farmbridge:0.0.1-SNAPSHOT @ D:\DAC\Major Project\Final\FarmbrigdeBackend\FarmbrigdeBackend\com.farmbridge\pom.xml.
2024-12-13 03:55:44,851 [Worker-1: Updating Maven Project] INFO  o.e.m.j.i.AbstractJavaProjectConfigurator - Adding source folder /com.farmbridge/src/main/java
2024-12-13 03:55:44,854 [Worker-1: Updating Maven Project] INFO  o.e.m.j.i.AbstractJavaProjectConfigurator - Adding resource folder /com.farmbridge/src/main/resources
2024-12-13 03:55:44,855 [Worker-1: Updating Maven Project] INFO  o.e.m.j.i.AbstractJavaProjectConfigurator - Adding resource folder /com.farmbridge/src/main/resources
2024-12-13 03:55:44,857 [Worker-1: Updating Maven Project] INFO  o.e.m.j.i.AbstractJavaProjectConfigurator - Adding source folder /com.farmbridge/src/test/java
2024-12-13 03:55:44,860 [Worker-1: Updating Maven Project] INFO  o.e.m.j.i.AbstractJavaProjectConfigurator - Adding resource folder /com.farmbridge/src/test/resources
2024-12-13 03:55:46,447 [Worker-1: Updating Maven Project] INFO  o.e.m.c.i.p.ProjectConfigurationManager - Update completed for 1 poms: local refresh takes 0.00 sec, refresh facades takes 3.00 sec, update config takes 0.00 sec 
2024-12-13 03:55:46,458 [Worker-2: Updating Maven Project] INFO  o.e.m.c.i.p.ProjectConfigurationManager - Update started
2024-12-13 03:55:47,457 [Worker-2: Updating Maven Project] INFO  o.e.m.c.i.l.LifecycleMappingFactory - Using org.eclipse.m2e.jdt.JarLifecycleMapping lifecycle mapping for MavenProject: com.farmbridge:com.farmbridge:0.0.1-SNAPSHOT @ D:\DAC\Major Project\Final\FarmbrigdeBackend\FarmbrigdeBackend\com.farmbridge\pom.xml.
2024-12-13 03:55:52,193 [Worker-2: Updating Maven Project] INFO  o.e.m.j.i.AbstractJavaProjectConfigurator - Adding source folder /com.farmbridge/src/main/java
2024-12-13 03:55:52,198 [Worker-2: Updating Maven Project] INFO  o.e.m.j.i.AbstractJavaProjectConfigurator - Adding resource folder /com.farmbridge/src/main/resources
2024-12-13 03:55:52,205 [Worker-2: Updating Maven Project] INFO  o.e.m.j.i.AbstractJavaProjectConfigurator - Adding resource folder /com.farmbridge/src/main/resources
2024-12-13 03:55:52,206 [Worker-2: Updating Maven Project] INFO  o.e.m.j.i.AbstractJavaProjectConfigurator - Adding source folder /com.farmbridge/src/test/java
2024-12-13 03:55:52,210 [Worker-2: Updating Maven Project] INFO  o.e.m.j.i.AbstractJavaProjectConfigurator - Adding resource folder /com.farmbridge/src/test/resources
2024-12-13 03:55:53,018 [Worker-2: Updating Maven Project] INFO  o.e.m.c.i.p.ProjectConfigurationManager - Update completed for 1 poms: local refresh takes 0.00 sec, refresh facades takes 5.00 sec, update config takes 0.00 sec 
2024-12-13 03:56:02,247 [Worker-4: Building] INFO  o.a.m.s.f.DefaultMavenResourcesFiltering - Copying 1 resource from src\main\resources to target\classes
2024-12-13 03:56:02,321 [Worker-4: Building] INFO  o.a.m.s.f.DefaultMavenResourcesFiltering - Copying 1 resource from src\main\resources to target\classes
2024-12-13 03:56:02,373 [Worker-4: Building] INFO  o.a.m.s.f.DefaultMavenResourcesFiltering - Copying 0 resource from src\test\resources to target\test-classes
2024-12-13 03:58:04,144 [main] INFO  o.e.m2e.actions.ExecutePomAction - Creating new launch configuration
2024-12-13 03:58:13,058 [Worker-8: Launching com.farmbridge] INFO  o.eclipse.m2e.core.internal.Bundles - getClasspathEntries(Bundle=org.eclipse.m2e.maven.runtime_3.9.900.20240824-1409 [360])
2024-12-13 03:58:13,079 [Worker-8: Launching com.farmbridge] INFO  o.eclipse.m2e.core.internal.Bundles - 	Entry: D:\Java tools\spring-tool-suite-4-4.26.0.RELEASE-e4.33.0-win32.win32.x86_64\sts-4.26.0.RELEASE\plugins\org.eclipse.m2e.maven.runtime_3.9.900.20240824-1409
2024-12-13 03:58:13,080 [Worker-8: Launching com.farmbridge] INFO  o.eclipse.m2e.core.internal.Bundles - 	Entry: D:\Java tools\spring-tool-suite-4-4.26.0.RELEASE-e4.33.0-win32.win32.x86_64\sts-4.26.0.RELEASE\plugins\org.eclipse.m2e.maven.runtime_3.9.900.20240824-1409\jars\aopalliance-1.0.jar
2024-12-13 03:58:13,080 [Worker-8: Launching com.farmbridge] INFO  o.eclipse.m2e.core.internal.Bundles - 	Entry: D:\Java tools\spring-tool-suite-4-4.26.0.RELEASE-e4.33.0-win32.win32.x86_64\sts-4.26.0.RELEASE\plugins\org.eclipse.m2e.maven.runtime_3.9.900.20240824-1409\jars\guice-5.1.0.jar
2024-12-13 03:58:13,080 [Worker-8: Launching com.farmbridge] INFO  o.eclipse.m2e.core.internal.Bundles - 	Entry: D:\Java tools\spring-tool-suite-4-4.26.0.RELEASE-e4.33.0-win32.win32.x86_64\sts-4.26.0.RELEASE\plugins\org.eclipse.m2e.maven.runtime_3.9.900.20240824-1409\jars\httpclient-4.5.14.jar
2024-12-13 03:58:13,080 [Worker-8: Launching com.farmbridge] INFO  o.eclipse.m2e.core.internal.Bundles - 	Entry: D:\Java tools\spring-tool-suite-4-4.26.0.RELEASE-e4.33.0-win32.win32.x86_64\sts-4.26.0.RELEASE\plugins\org.eclipse.m2e.maven.runtime_3.9.900.20240824-1409\jars\httpcore-4.4.16.jar
2024-12-13 03:58:13,080 [Worker-8: Launching com.farmbridge] INFO  o.eclipse.m2e.core.internal.Bundles - 	Entry: D:\Java tools\spring-tool-suite-4-4.26.0.RELEASE-e4.33.0-win32.win32.x86_64\sts-4.26.0.RELEASE\plugins\org.eclipse.m2e.maven.runtime_3.9.900.20240824-1409\jars\jansi-2.4.1.jar
2024-12-13 03:58:13,080 [Worker-8: Launching com.farmbridge] INFO  o.eclipse.m2e.core.internal.Bundles - 	Entry: D:\Java tools\spring-tool-suite-4-4.26.0.RELEASE-e4.33.0-win32.win32.x86_64\sts-4.26.0.RELEASE\plugins\org.eclipse.m2e.maven.runtime_3.9.900.20240824-1409\jars\jcl-over-slf4j-1.7.36.jar
2024-12-13 03:58:13,081 [Worker-8: Launching com.farmbridge] INFO  o.eclipse.m2e.core.internal.Bundles - 	Entry: D:\Java tools\spring-tool-suite-4-4.26.0.RELEASE-e4.33.0-win32.win32.x86_64\sts-4.26.0.RELEASE\plugins\org.eclipse.m2e.maven.runtime_3.9.900.20240824-1409\jars\maven-artifact-3.9.9.jar
2024-12-13 03:58:13,081 [Worker-8: Launching com.farmbridge] INFO  o.eclipse.m2e.core.internal.Bundles - 	Entry: D:\Java tools\spring-tool-suite-4-4.26.0.RELEASE-e4.33.0-win32.win32.x86_64\sts-4.26.0.RELEASE\plugins\org.eclipse.m2e.maven.runtime_3.9.900.20240824-1409\jars\maven-builder-support-3.9.9.jar
2024-12-13 03:58:13,081 [Worker-8: Launching com.farmbridge] INFO  o.eclipse.m2e.core.internal.Bundles - 	Entry: D:\Java tools\spring-tool-suite-4-4.26.0.RELEASE-e4.33.0-win32.win32.x86_64\sts-4.26.0.RELEASE\plugins\org.eclipse.m2e.maven.runtime_3.9.900.20240824-1409\jars\maven-compat-3.9.9.jar
2024-12-13 03:58:13,081 [Worker-8: Launching com.farmbridge] INFO  o.eclipse.m2e.core.internal.Bundles - 	Entry: D:\Java tools\spring-tool-suite-4-4.26.0.RELEASE-e4.33.0-win32.win32.x86_64\sts-4.26.0.RELEASE\plugins\org.eclipse.m2e.maven.runtime_3.9.900.20240824-1409\jars\maven-core-3.9.9.jar
2024-12-13 03:58:13,082 [Worker-8: Launching com.farmbridge] INFO  o.eclipse.m2e.core.internal.Bundles - 	Entry: D:\Java tools\spring-tool-suite-4-4.26.0.RELEASE-e4.33.0-win32.win32.x86_64\sts-4.26.0.RELEASE\plugins\org.eclipse.m2e.maven.runtime_3.9.900.20240824-1409\jars\maven-embedder-3.9.9.jar
2024-12-13 03:58:13,082 [Worker-8: Launching com.farmbridge] INFO  o.eclipse.m2e.core.internal.Bundles - 	Entry: D:\Java tools\spring-tool-suite-4-4.26.0.RELEASE-e4.33.0-win32.win32.x86_64\sts-4.26.0.RELEASE\plugins\org.eclipse.m2e.maven.runtime_3.9.900.20240824-1409\jars\maven-model-3.9.9.jar
2024-12-13 03:58:13,082 [Worker-8: Launching com.farmbridge] INFO  o.eclipse.m2e.core.internal.Bundles - 	Entry: D:\Java tools\spring-tool-suite-4-4.26.0.RELEASE-e4.33.0-win32.win32.x86_64\sts-4.26.0.RELEASE\plugins\org.eclipse.m2e.maven.runtime_3.9.900.20240824-1409\jars\maven-model-builder-3.9.9.jar
2024-12-13 03:58:13,083 [Worker-8: Launching com.farmbridge] INFO  o.eclipse.m2e.core.internal.Bundles - 	Entry: D:\Java tools\spring-tool-suite-4-4.26.0.RELEASE-e4.33.0-win32.win32.x86_64\sts-4.26.0.RELEASE\plugins\org.eclipse.m2e.maven.runtime_3.9.900.20240824-1409\jars\maven-plugin-api-3.9.9.jar
2024-12-13 03:58:13,083 [Worker-8: Launching com.farmbridge] INFO  o.eclipse.m2e.core.internal.Bundles - 	Entry: D:\Java tools\spring-tool-suite-4-4.26.0.RELEASE-e4.33.0-win32.win32.x86_64\sts-4.26.0.RELEASE\plugins\org.eclipse.m2e.maven.runtime_3.9.900.20240824-1409\jars\maven-repository-metadata-3.9.9.jar
2024-12-13 03:58:13,083 [Worker-8: Launching com.farmbridge] INFO  o.eclipse.m2e.core.internal.Bundles - 	Entry: D:\Java tools\spring-tool-suite-4-4.26.0.RELEASE-e4.33.0-win32.win32.x86_64\sts-4.26.0.RELEASE\plugins\org.eclipse.m2e.maven.runtime_3.9.900.20240824-1409\jars\maven-resolver-api-1.9.22.jar
2024-12-13 03:58:13,083 [Worker-8: Launching com.farmbridge] INFO  o.eclipse.m2e.core.internal.Bundles - 	Entry: D:\Java tools\spring-tool-suite-4-4.26.0.RELEASE-e4.33.0-win32.win32.x86_64\sts-4.26.0.RELEASE\plugins\org.eclipse.m2e.maven.runtime_3.9.900.20240824-1409\jars\maven-resolver-connector-basic-1.9.22.jar
2024-12-13 03:58:13,083 [Worker-8: Launching com.farmbridge] INFO  o.eclipse.m2e.core.internal.Bundles - 	Entry: D:\Java tools\spring-tool-suite-4-4.26.0.RELEASE-e4.33.0-win32.win32.x86_64\sts-4.26.0.RELEASE\plugins\org.eclipse.m2e.maven.runtime_3.9.900.20240824-1409\jars\maven-resolver-impl-1.9.22.jar
2024-12-13 03:58:13,083 [Worker-8: Launching com.farmbridge] INFO  o.eclipse.m2e.core.internal.Bundles - 	Entry: D:\Java tools\spring-tool-suite-4-4.26.0.RELEASE-e4.33.0-win32.win32.x86_64\sts-4.26.0.RELEASE\plugins\org.eclipse.m2e.maven.runtime_3.9.900.20240824-1409\jars\maven-resolver-named-locks-1.9.22.jar
2024-12-13 03:58:13,083 [Worker-8: Launching com.farmbridge] INFO  o.eclipse.m2e.core.internal.Bundles - 	Entry: D:\Java tools\spring-tool-suite-4-4.26.0.RELEASE-e4.33.0-win32.win32.x86_64\sts-4.26.0.RELEASE\plugins\org.eclipse.m2e.maven.runtime_3.9.900.20240824-1409\jars\maven-resolver-provider-3.9.9.jar
2024-12-13 03:58:13,084 [Worker-8: Launching com.farmbridge] INFO  o.eclipse.m2e.core.internal.Bundles - 	Entry: D:\Java tools\spring-tool-suite-4-4.26.0.RELEASE-e4.33.0-win32.win32.x86_64\sts-4.26.0.RELEASE\plugins\org.eclipse.m2e.maven.runtime_3.9.900.20240824-1409\jars\maven-resolver-spi-1.9.22.jar
2024-12-13 03:58:13,084 [Worker-8: Launching com.farmbridge] INFO  o.eclipse.m2e.core.internal.Bundles - 	Entry: D:\Java tools\spring-tool-suite-4-4.26.0.RELEASE-e4.33.0-win32.win32.x86_64\sts-4.26.0.RELEASE\plugins\org.eclipse.m2e.maven.runtime_3.9.900.20240824-1409\jars\maven-resolver-transport-file-1.9.22.jar
2024-12-13 03:58:13,084 [Worker-8: Launching com.farmbridge] INFO  o.eclipse.m2e.core.internal.Bundles - 	Entry: D:\Java tools\spring-tool-suite-4-4.26.0.RELEASE-e4.33.0-win32.win32.x86_64\sts-4.26.0.RELEASE\plugins\org.eclipse.m2e.maven.runtime_3.9.900.20240824-1409\jars\maven-resolver-transport-http-1.9.22.jar
2024-12-13 03:58:13,084 [Worker-8: Launching com.farmbridge] INFO  o.eclipse.m2e.core.internal.Bundles - 	Entry: D:\Java tools\spring-tool-suite-4-4.26.0.RELEASE-e4.33.0-win32.win32.x86_64\sts-4.26.0.RELEASE\plugins\org.eclipse.m2e.maven.runtime_3.9.900.20240824-1409\jars\maven-resolver-transport-wagon-1.9.22.jar
2024-12-13 03:58:13,084 [Worker-8: Launching com.farmbridge] INFO  o.eclipse.m2e.core.internal.Bundles - 	Entry: D:\Java tools\spring-tool-suite-4-4.26.0.RELEASE-e4.33.0-win32.win32.x86_64\sts-4.26.0.RELEASE\plugins\org.eclipse.m2e.maven.runtime_3.9.900.20240824-1409\jars\maven-resolver-util-1.9.22.jar
2024-12-13 03:58:13,084 [Worker-8: Launching com.farmbridge] INFO  o.eclipse.m2e.core.internal.Bundles - 	Entry: D:\Java tools\spring-tool-suite-4-4.26.0.RELEASE-e4.33.0-win32.win32.x86_64\sts-4.26.0.RELEASE\plugins\org.eclipse.m2e.maven.runtime_3.9.900.20240824-1409\jars\maven-settings-3.9.9.jar
2024-12-13 03:58:13,085 [Worker-8: Launching com.farmbridge] INFO  o.eclipse.m2e.core.internal.Bundles - 	Entry: D:\Java tools\spring-tool-suite-4-4.26.0.RELEASE-e4.33.0-win32.win32.x86_64\sts-4.26.0.RELEASE\plugins\org.eclipse.m2e.maven.runtime_3.9.900.20240824-1409\jars\maven-settings-builder-3.9.9.jar
2024-12-13 03:58:13,085 [Worker-8: Launching com.farmbridge] INFO  o.eclipse.m2e.core.internal.Bundles - 	Entry: D:\Java tools\spring-tool-suite-4-4.26.0.RELEASE-e4.33.0-win32.win32.x86_64\sts-4.26.0.RELEASE\plugins\org.eclipse.m2e.maven.runtime_3.9.900.20240824-1409\jars\maven-shared-utils-3.4.2.jar
2024-12-13 03:58:13,085 [Worker-8: Launching com.farmbridge] INFO  o.eclipse.m2e.core.internal.Bundles - 	Entry: D:\Java tools\spring-tool-suite-4-4.26.0.RELEASE-e4.33.0-win32.win32.x86_64\sts-4.26.0.RELEASE\plugins\org.eclipse.m2e.maven.runtime_3.9.900.20240824-1409\jars\org.eclipse.sisu.inject-0.9.0.M3.jar
2024-12-13 03:58:13,085 [Worker-8: Launching com.farmbridge] INFO  o.eclipse.m2e.core.internal.Bundles - 	Entry: D:\Java tools\spring-tool-suite-4-4.26.0.RELEASE-e4.33.0-win32.win32.x86_64\sts-4.26.0.RELEASE\plugins\org.eclipse.m2e.maven.runtime_3.9.900.20240824-1409\jars\org.eclipse.sisu.plexus-0.9.0.M3.jar
2024-12-13 03:58:13,085 [Worker-8: Launching com.farmbridge] INFO  o.eclipse.m2e.core.internal.Bundles - 	Entry: D:\Java tools\spring-tool-suite-4-4.26.0.RELEASE-e4.33.0-win32.win32.x86_64\sts-4.26.0.RELEASE\plugins\org.eclipse.m2e.maven.runtime_3.9.900.20240824-1409\jars\plexus-build-api-0.0.7.jar
2024-12-13 03:58:13,085 [Worker-8: Launching com.farmbridge] INFO  o.eclipse.m2e.core.internal.Bundles - 	Entry: D:\Java tools\spring-tool-suite-4-4.26.0.RELEASE-e4.33.0-win32.win32.x86_64\sts-4.26.0.RELEASE\plugins\org.eclipse.m2e.maven.runtime_3.9.900.20240824-1409\jars\plexus-build-api-1.2.0.jar
2024-12-13 03:58:13,085 [Worker-8: Launching com.farmbridge] INFO  o.eclipse.m2e.core.internal.Bundles - 	Entry: D:\Java tools\spring-tool-suite-4-4.26.0.RELEASE-e4.33.0-win32.win32.x86_64\sts-4.26.0.RELEASE\plugins\org.eclipse.m2e.maven.runtime_3.9.900.20240824-1409\jars\plexus-cipher-2.0.jar
2024-12-13 03:58:13,086 [Worker-8: Launching com.farmbridge] INFO  o.eclipse.m2e.core.internal.Bundles - 	Entry: D:\Java tools\spring-tool-suite-4-4.26.0.RELEASE-e4.33.0-win32.win32.x86_64\sts-4.26.0.RELEASE\plugins\org.eclipse.m2e.maven.runtime_3.9.900.20240824-1409\jars\plexus-classworlds-2.8.0.jar
2024-12-13 03:58:13,086 [Worker-8: Launching com.farmbridge] INFO  o.eclipse.m2e.core.internal.Bundles - 	Entry: D:\Java tools\spring-tool-suite-4-4.26.0.RELEASE-e4.33.0-win32.win32.x86_64\sts-4.26.0.RELEASE\plugins\org.eclipse.m2e.maven.runtime_3.9.900.20240824-1409\jars\plexus-component-annotations-2.1.0.jar
2024-12-13 03:58:13,086 [Worker-8: Launching com.farmbridge] INFO  o.eclipse.m2e.core.internal.Bundles - 	Entry: D:\Java tools\spring-tool-suite-4-4.26.0.RELEASE-e4.33.0-win32.win32.x86_64\sts-4.26.0.RELEASE\plugins\org.eclipse.m2e.maven.runtime_3.9.900.20240824-1409\jars\plexus-interpolation-1.27.jar
2024-12-13 03:58:13,086 [Worker-8: Launching com.farmbridge] INFO  o.eclipse.m2e.core.internal.Bundles - 	Entry: D:\Java tools\spring-tool-suite-4-4.26.0.RELEASE-e4.33.0-win32.win32.x86_64\sts-4.26.0.RELEASE\plugins\org.eclipse.m2e.maven.runtime_3.9.900.20240824-1409\jars\plexus-sec-dispatcher-2.0.jar
2024-12-13 03:58:13,086 [Worker-8: Launching com.farmbridge] INFO  o.eclipse.m2e.core.internal.Bundles - 	Entry: D:\Java tools\spring-tool-suite-4-4.26.0.RELEASE-e4.33.0-win32.win32.x86_64\sts-4.26.0.RELEASE\plugins\org.eclipse.m2e.maven.runtime_3.9.900.20240824-1409\jars\plexus-utils-3.5.1.jar
2024-12-13 03:58:13,087 [Worker-8: Launching com.farmbridge] INFO  o.eclipse.m2e.core.internal.Bundles - 	Entry: D:\Java tools\spring-tool-suite-4-4.26.0.RELEASE-e4.33.0-win32.win32.x86_64\sts-4.26.0.RELEASE\plugins\org.eclipse.m2e.maven.runtime_3.9.900.20240824-1409\jars\plexus-xml-3.0.1.jar
2024-12-13 03:58:13,087 [Worker-8: Launching com.farmbridge] INFO  o.eclipse.m2e.core.internal.Bundles - 	Entry: D:\Java tools\spring-tool-suite-4-4.26.0.RELEASE-e4.33.0-win32.win32.x86_64\sts-4.26.0.RELEASE\plugins\org.eclipse.m2e.maven.runtime_3.9.900.20240824-1409\jars\wagon-file-3.5.3.jar
2024-12-13 03:58:13,087 [Worker-8: Launching com.farmbridge] INFO  o.eclipse.m2e.core.internal.Bundles - 	Entry: D:\Java tools\spring-tool-suite-4-4.26.0.RELEASE-e4.33.0-win32.win32.x86_64\sts-4.26.0.RELEASE\plugins\org.eclipse.m2e.maven.runtime_3.9.900.20240824-1409\jars\wagon-http-3.5.3.jar
2024-12-13 03:58:13,087 [Worker-8: Launching com.farmbridge] INFO  o.eclipse.m2e.core.internal.Bundles - 	Entry: D:\Java tools\spring-tool-suite-4-4.26.0.RELEASE-e4.33.0-win32.win32.x86_64\sts-4.26.0.RELEASE\plugins\org.eclipse.m2e.maven.runtime_3.9.900.20240824-1409\jars\wagon-http-shared-3.5.3.jar
2024-12-13 03:58:13,087 [Worker-8: Launching com.farmbridge] INFO  o.eclipse.m2e.core.internal.Bundles - 	Entry: D:\Java tools\spring-tool-suite-4-4.26.0.RELEASE-e4.33.0-win32.win32.x86_64\sts-4.26.0.RELEASE\plugins\org.eclipse.m2e.maven.runtime_3.9.900.20240824-1409\jars\wagon-provider-api-3.5.3.jar
2024-12-13 03:58:13,102 [Worker-8: Launching com.farmbridge] INFO  o.eclipse.m2e.core.internal.Bundles - getClasspathEntries(Bundle=com.google.guava_33.3.0.jre [29])
2024-12-13 03:58:13,104 [Worker-8: Launching com.farmbridge] INFO  o.eclipse.m2e.core.internal.Bundles - 	Entry: D:\Java tools\spring-tool-suite-4-4.26.0.RELEASE-e4.33.0-win32.win32.x86_64\sts-4.26.0.RELEASE\plugins\com.google.guava_33.3.0.jre.jar
2024-12-13 03:58:13,104 [Worker-8: Launching com.farmbridge] INFO  o.eclipse.m2e.core.internal.Bundles - getClasspathEntries(Bundle=slf4j.api_2.0.16 [593])
2024-12-13 03:58:13,105 [Worker-8: Launching com.farmbridge] INFO  o.eclipse.m2e.core.internal.Bundles - 	Entry: D:\Java tools\spring-tool-suite-4-4.26.0.RELEASE-e4.33.0-win32.win32.x86_64\sts-4.26.0.RELEASE\plugins\slf4j.api_2.0.16.jar
2024-12-13 03:58:13,105 [Worker-8: Launching com.farmbridge] INFO  o.eclipse.m2e.core.internal.Bundles - getClasspathEntries(Bundle=jakarta.inject.jakarta.inject-api_1.0.5 [45])
2024-12-13 03:58:13,106 [Worker-8: Launching com.farmbridge] INFO  o.eclipse.m2e.core.internal.Bundles - 	Entry: D:\Java tools\spring-tool-suite-4-4.26.0.RELEASE-e4.33.0-win32.win32.x86_64\sts-4.26.0.RELEASE\plugins\jakarta.inject.jakarta.inject-api_1.0.5.jar
2024-12-13 03:58:13,106 [Worker-8: Launching com.farmbridge] INFO  o.eclipse.m2e.core.internal.Bundles - getClasspathEntries(Bundle=jakarta.annotation-api_1.3.5 [41])
2024-12-13 03:58:13,107 [Worker-8: Launching com.farmbridge] INFO  o.eclipse.m2e.core.internal.Bundles - 	Entry: D:\Java tools\spring-tool-suite-4-4.26.0.RELEASE-e4.33.0-win32.win32.x86_64\sts-4.26.0.RELEASE\plugins\jakarta.annotation-api_1.3.5.jar
2024-12-13 03:58:13,107 [Worker-8: Launching com.farmbridge] INFO  o.eclipse.m2e.core.internal.Bundles - getClasspathEntries(Bundle=org.apache.commons.cli_1.9.0 [77])
2024-12-13 03:58:13,115 [Worker-8: Launching com.farmbridge] INFO  o.eclipse.m2e.core.internal.Bundles - 	Entry: D:\Java tools\spring-tool-suite-4-4.26.0.RELEASE-e4.33.0-win32.win32.x86_64\sts-4.26.0.RELEASE\plugins\org.apache.commons.cli_1.9.0.jar
2024-12-13 03:58:13,116 [Worker-8: Launching com.farmbridge] INFO  o.eclipse.m2e.core.internal.Bundles - getClasspathEntries(Bundle=org.apache.commons.commons-codec_1.16.0 [80])
2024-12-13 03:58:13,117 [Worker-8: Launching com.farmbridge] INFO  o.eclipse.m2e.core.internal.Bundles - 	Entry: D:\Java tools\spring-tool-suite-4-4.26.0.RELEASE-e4.33.0-win32.win32.x86_64\sts-4.26.0.RELEASE\plugins\org.apache.commons.commons-codec_1.16.0.jar
2024-12-13 03:58:13,117 [Worker-8: Launching com.farmbridge] INFO  o.eclipse.m2e.core.internal.Bundles - getClasspathEntries(Bundle=com.google.guava.failureaccess_1.0.2 [30])
2024-12-13 03:58:13,118 [Worker-8: Launching com.farmbridge] INFO  o.eclipse.m2e.core.internal.Bundles - 	Entry: D:\Java tools\spring-tool-suite-4-4.26.0.RELEASE-e4.33.0-win32.win32.x86_64\sts-4.26.0.RELEASE\plugins\com.google.guava.failureaccess_1.0.2.jar
2024-12-13 03:58:13,124 [Worker-8: Launching com.farmbridge] INFO  o.e.m.i.launch.MavenLaunchDelegate - Run build in "D:\DAC\Major Project\Final\FarmbrigdeBackend\FarmbrigdeBackend\com.farmbridge":
2024-12-13 03:58:13,142 [Worker-8: Launching com.farmbridge] INFO  o.e.m.i.launch.MavenLaunchDelegate -  mvn  -B -Dstyle.color=always clean compile
2024-12-13 04:01:50,167 [Worker-10: Building] INFO  o.e.m.c.i.l.LifecycleMappingFactory - Using org.eclipse.m2e.jdt.JarLifecycleMapping lifecycle mapping for MavenProject: com.farmbridge:com.farmbridge:0.0.1-SNAPSHOT @ D:\DAC\Major Project\Final\FarmbrigdeBackend\FarmbrigdeBackend\com.farmbridge\pom.xml.
2024-12-13 04:01:54,038 [Worker-10: Building] INFO  o.a.m.s.f.DefaultMavenResourcesFiltering - Copying 0 resource from src\main\resources to target\classes
2024-12-13 04:01:54,041 [Worker-10: Building] INFO  o.a.m.s.f.DefaultMavenResourcesFiltering - Copying 0 resource from src\main\resources to target\classes
2024-12-13 04:01:54,054 [Worker-10: Building] INFO  o.a.m.s.f.DefaultMavenResourcesFiltering - Copying 0 resource from src\test\resources to target\test-classes
2024-12-13 04:04:12,025 [Worker-15: Building] INFO  o.a.m.s.f.DefaultMavenResourcesFiltering - Copying 1 resource from src\main\resources to target\classes
2024-12-13 04:04:12,268 [Worker-15: Building] INFO  o.a.m.s.f.DefaultMavenResourcesFiltering - Copying 1 resource from src\main\resources to target\classes
2024-12-13 04:04:12,277 [Worker-15: Building] INFO  o.a.m.s.f.DefaultMavenResourcesFiltering - Copying 0 resource from src\test\resources to target\test-classes
2024-12-13 04:04:32,771 [Worker-16: Building] INFO  o.a.m.s.f.DefaultMavenResourcesFiltering - Copying 1 resource from src\main\resources to target\classes
2024-12-13 04:04:32,792 [Worker-16: Building] INFO  o.a.m.s.f.DefaultMavenResourcesFiltering - Copying 1 resource from src\main\resources to target\classes
2024-12-13 04:04:32,799 [Worker-16: Building] INFO  o.a.m.s.f.DefaultMavenResourcesFiltering - Copying 0 resource from src\test\resources to target\test-classes
2024-12-13 04:04:48,533 [Worker-15: Building] INFO  o.a.m.s.f.DefaultMavenResourcesFiltering - Copying 1 resource from src\main\resources to target\classes
2024-12-13 04:04:48,622 [Worker-15: Building] INFO  o.a.m.s.f.DefaultMavenResourcesFiltering - Copying 1 resource from src\main\resources to target\classes
2024-12-13 04:04:48,634 [Worker-15: Building] INFO  o.a.m.s.f.DefaultMavenResourcesFiltering - Copying 0 resource from src\test\resources to target\test-classes
2024-12-13 04:05:33,818 [Worker-11: Building] INFO  o.a.m.s.f.DefaultMavenResourcesFiltering - Copying 1 resource from src\main\resources to target\classes
2024-12-13 04:05:33,868 [Worker-11: Building] INFO  o.a.m.s.f.DefaultMavenResourcesFiltering - Copying 1 resource from src\main\resources to target\classes
2024-12-13 04:05:33,879 [Worker-11: Building] INFO  o.a.m.s.f.DefaultMavenResourcesFiltering - Copying 0 resource from src\test\resources to target\test-classes
2024-12-13 04:07:13,608 [Worker-17: Building] INFO  o.a.m.s.f.DefaultMavenResourcesFiltering - Copying 1 resource from src\main\resources to target\classes
2024-12-13 04:07:13,667 [Worker-17: Building] INFO  o.a.m.s.f.DefaultMavenResourcesFiltering - Copying 1 resource from src\main\resources to target\classes
2024-12-13 04:07:13,677 [Worker-17: Building] INFO  o.a.m.s.f.DefaultMavenResourcesFiltering - Copying 0 resource from src\test\resources to target\test-classes
2024-12-13 04:09:17,532 [Worker-11: Building] INFO  o.a.m.s.f.DefaultMavenResourcesFiltering - Copying 1 resource from src\main\resources to target\classes
2024-12-13 04:09:17,562 [Worker-11: Building] INFO  o.a.m.s.f.DefaultMavenResourcesFiltering - Copying 1 resource from src\main\resources to target\classes
2024-12-13 04:09:17,571 [Worker-11: Building] INFO  o.a.m.s.f.DefaultMavenResourcesFiltering - Copying 0 resource from src\test\resources to target\test-classes
2024-12-13 04:09:49,531 [Worker-19: Building] INFO  o.a.m.s.f.DefaultMavenResourcesFiltering - Copying 1 resource from src\main\resources to target\classes
2024-12-13 04:09:49,572 [Worker-19: Building] INFO  o.a.m.s.f.DefaultMavenResourcesFiltering - Copying 1 resource from src\main\resources to target\classes
2024-12-13 04:09:49,641 [Worker-19: Building] INFO  o.a.m.s.f.DefaultMavenResourcesFiltering - Copying 0 resource from src\test\resources to target\test-classes
2024-12-13 04:09:57,121 [Worker-19: Building] INFO  o.a.m.s.f.DefaultMavenResourcesFiltering - Copying 1 resource from src\main\resources to target\classes
2024-12-13 04:09:57,129 [Worker-19: Building] INFO  o.a.m.s.f.DefaultMavenResourcesFiltering - Copying 1 resource from src\main\resources to target\classes
2024-12-13 04:09:57,140 [Worker-19: Building] INFO  o.a.m.s.f.DefaultMavenResourcesFiltering - Copying 0 resource from src\test\resources to target\test-classes
2024-12-13 04:10:12,084 [Worker-20: Building] INFO  o.a.m.s.f.DefaultMavenResourcesFiltering - Copying 1 resource from src\main\resources to target\classes
2024-12-13 04:10:12,096 [Worker-20: Building] INFO  o.a.m.s.f.DefaultMavenResourcesFiltering - Copying 1 resource from src\main\resources to target\classes
2024-12-13 04:10:12,108 [Worker-20: Building] INFO  o.a.m.s.f.DefaultMavenResourcesFiltering - Copying 0 resource from src\test\resources to target\test-classes
2024-12-13 04:10:14,480 [Worker-14: Building] INFO  o.a.m.s.f.DefaultMavenResourcesFiltering - Copying 1 resource from src\main\resources to target\classes
2024-12-13 04:10:14,498 [Worker-14: Building] INFO  o.a.m.s.f.DefaultMavenResourcesFiltering - Copying 1 resource from src\main\resources to target\classes
2024-12-13 04:10:14,504 [Worker-14: Building] INFO  o.a.m.s.f.DefaultMavenResourcesFiltering - Copying 0 resource from src\test\resources to target\test-classes
2024-12-13 04:11:01,835 [Worker-16: Building] INFO  o.a.m.s.f.DefaultMavenResourcesFiltering - Copying 1 resource from src\main\resources to target\classes
2024-12-13 04:11:01,849 [Worker-16: Building] INFO  o.a.m.s.f.DefaultMavenResourcesFiltering - Copying 1 resource from src\main\resources to target\classes
2024-12-13 04:11:01,862 [Worker-16: Building] INFO  o.a.m.s.f.DefaultMavenResourcesFiltering - Copying 0 resource from src\test\resources to target\test-classes
2024-12-13 04:11:20,136 [Worker-17: Building] INFO  o.a.m.s.f.DefaultMavenResourcesFiltering - Copying 1 resource from src\main\resources to target\classes
2024-12-13 04:11:20,154 [Worker-17: Building] INFO  o.a.m.s.f.DefaultMavenResourcesFiltering - Copying 1 resource from src\main\resources to target\classes
2024-12-13 04:11:20,163 [Worker-17: Building] INFO  o.a.m.s.f.DefaultMavenResourcesFiltering - Copying 0 resource from src\test\resources to target\test-classes
2024-12-13 04:12:02,764 [Worker-11: Building] INFO  o.a.m.s.f.DefaultMavenResourcesFiltering - Copying 1 resource from src\main\resources to target\classes
2024-12-13 04:12:02,770 [Worker-11: Building] INFO  o.a.m.s.f.DefaultMavenResourcesFiltering - Copying 1 resource from src\main\resources to target\classes
2024-12-13 04:12:02,776 [Worker-11: Building] INFO  o.a.m.s.f.DefaultMavenResourcesFiltering - Copying 0 resource from src\test\resources to target\test-classes
2024-12-13 04:14:20,394 [Worker-23: Building] INFO  o.a.m.s.f.DefaultMavenResourcesFiltering - Copying 1 resource from src\main\resources to target\classes
2024-12-13 04:14:20,426 [Worker-23: Building] INFO  o.a.m.s.f.DefaultMavenResourcesFiltering - Copying 1 resource from src\main\resources to target\classes
2024-12-13 04:14:20,433 [Worker-23: Building] INFO  o.a.m.s.f.DefaultMavenResourcesFiltering - Copying 0 resource from src\test\resources to target\test-classes
2024-12-13 04:15:04,971 [Worker-22: Building] INFO  o.a.m.s.f.DefaultMavenResourcesFiltering - Copying 1 resource from src\main\resources to target\classes
2024-12-13 04:15:04,979 [Worker-22: Building] INFO  o.a.m.s.f.DefaultMavenResourcesFiltering - Copying 1 resource from src\main\resources to target\classes
2024-12-13 04:15:04,986 [Worker-22: Building] INFO  o.a.m.s.f.DefaultMavenResourcesFiltering - Copying 0 resource from src\test\resources to target\test-classes
2024-12-13 04:15:34,491 [Worker-24: Building] INFO  o.a.m.s.f.DefaultMavenResourcesFiltering - Copying 1 resource from src\main\resources to target\classes
2024-12-13 04:15:34,506 [Worker-24: Building] INFO  o.a.m.s.f.DefaultMavenResourcesFiltering - Copying 1 resource from src\main\resources to target\classes
2024-12-13 04:15:34,512 [Worker-24: Building] INFO  o.a.m.s.f.DefaultMavenResourcesFiltering - Copying 0 resource from src\test\resources to target\test-classes
2024-12-13 04:16:21,462 [Worker-24: Building] INFO  o.a.m.s.f.DefaultMavenResourcesFiltering - Copying 1 resource from src\main\resources to target\classes
2024-12-13 04:16:21,473 [Worker-24: Building] INFO  o.a.m.s.f.DefaultMavenResourcesFiltering - Copying 1 resource from src\main\resources to target\classes
2024-12-13 04:16:21,482 [Worker-24: Building] INFO  o.a.m.s.f.DefaultMavenResourcesFiltering - Copying 0 resource from src\test\resources to target\test-classes
2024-12-13 04:17:34,150 [Worker-21: Building] INFO  o.a.m.s.f.DefaultMavenResourcesFiltering - Copying 1 resource from src\main\resources to target\classes
2024-12-13 04:17:34,156 [Worker-21: Building] INFO  o.a.m.s.f.DefaultMavenResourcesFiltering - Copying 1 resource from src\main\resources to target\classes
2024-12-13 04:17:34,160 [Worker-21: Building] INFO  o.a.m.s.f.DefaultMavenResourcesFiltering - Copying 0 resource from src\test\resources to target\test-classes
2024-12-13 04:17:44,921 [Worker-23: Building] INFO  o.a.m.s.f.DefaultMavenResourcesFiltering - Copying 1 resource from src\main\resources to target\classes
2024-12-13 04:17:44,931 [Worker-23: Building] INFO  o.a.m.s.f.DefaultMavenResourcesFiltering - Copying 1 resource from src\main\resources to target\classes
2024-12-13 04:17:44,941 [Worker-23: Building] INFO  o.a.m.s.f.DefaultMavenResourcesFiltering - Copying 0 resource from src\test\resources to target\test-classes
2024-12-13 04:21:16,902 [Worker-28: Building] INFO  o.a.m.s.f.DefaultMavenResourcesFiltering - Copying 1 resource from src\main\resources to target\classes
2024-12-13 04:21:16,910 [Worker-28: Building] INFO  o.a.m.s.f.DefaultMavenResourcesFiltering - Copying 1 resource from src\main\resources to target\classes
2024-12-13 04:21:16,917 [Worker-28: Building] INFO  o.a.m.s.f.DefaultMavenResourcesFiltering - Copying 0 resource from src\test\resources to target\test-classes
2024-12-13 04:21:18,109 [Worker-26: Building] INFO  o.a.m.s.f.DefaultMavenResourcesFiltering - Copying 1 resource from src\main\resources to target\classes
2024-12-13 04:21:18,116 [Worker-26: Building] INFO  o.a.m.s.f.DefaultMavenResourcesFiltering - Copying 1 resource from src\main\resources to target\classes
2024-12-13 04:21:18,121 [Worker-26: Building] INFO  o.a.m.s.f.DefaultMavenResourcesFiltering - Copying 0 resource from src\test\resources to target\test-classes
2024-12-13 04:21:33,023 [Worker-29: Building] INFO  o.a.m.s.f.DefaultMavenResourcesFiltering - Copying 1 resource from src\main\resources to target\classes
2024-12-13 04:21:33,031 [Worker-29: Building] INFO  o.a.m.s.f.DefaultMavenResourcesFiltering - Copying 1 resource from src\main\resources to target\classes
2024-12-13 04:21:33,038 [Worker-29: Building] INFO  o.a.m.s.f.DefaultMavenResourcesFiltering - Copying 0 resource from src\test\resources to target\test-classes
2024-12-13 04:42:51,742 [Worker-33: Building] INFO  o.a.m.s.f.DefaultMavenResourcesFiltering - Copying 1 resource from src\main\resources to target\classes
2024-12-13 04:42:51,851 [Worker-33: Building] INFO  o.a.m.s.f.DefaultMavenResourcesFiltering - Copying 1 resource from src\main\resources to target\classes
2024-12-13 04:42:51,857 [Worker-33: Building] INFO  o.a.m.s.f.DefaultMavenResourcesFiltering - Copying 0 resource from src\test\resources to target\test-classes
2024-12-13 05:02:39,743 [Worker-35: Building] INFO  o.a.m.s.f.DefaultMavenResourcesFiltering - Copying 1 resource from src\main\resources to target\classes
2024-12-13 05:02:39,845 [Worker-35: Building] INFO  o.a.m.s.f.DefaultMavenResourcesFiltering - Copying 1 resource from src\main\resources to target\classes
2024-12-13 05:02:39,861 [Worker-35: Building] INFO  o.a.m.s.f.DefaultMavenResourcesFiltering - Copying 0 resource from src\test\resources to target\test-classes
2024-12-13 05:03:05,220 [Worker-33: Building] INFO  o.a.m.s.f.DefaultMavenResourcesFiltering - Copying 1 resource from src\main\resources to target\classes
2024-12-13 05:03:05,480 [Worker-33: Building] INFO  o.a.m.s.f.DefaultMavenResourcesFiltering - Copying 1 resource from src\main\resources to target\classes
2024-12-13 05:03:05,497 [Worker-33: Building] INFO  o.a.m.s.f.DefaultMavenResourcesFiltering - Copying 0 resource from src\test\resources to target\test-classes
2024-12-13 05:03:46,462 [Worker-35: Building] INFO  o.a.m.s.f.DefaultMavenResourcesFiltering - Copying 1 resource from src\main\resources to target\classes
2024-12-13 05:03:46,635 [Worker-35: Building] INFO  o.a.m.s.f.DefaultMavenResourcesFiltering - Copying 1 resource from src\main\resources to target\classes
2024-12-13 05:03:46,642 [Worker-35: Building] INFO  o.a.m.s.f.DefaultMavenResourcesFiltering - Copying 0 resource from src\test\resources to target\test-classes
2024-12-13 05:13:39,327 [Worker-41: Building] INFO  o.a.m.s.f.DefaultMavenResourcesFiltering - Copying 1 resource from src\main\resources to target\classes
2024-12-13 05:13:39,545 [Worker-41: Building] INFO  o.a.m.s.f.DefaultMavenResourcesFiltering - Copying 0 resource from src\main\resources to target\classes
2024-12-13 05:13:39,551 [Worker-41: Building] INFO  o.a.m.s.f.DefaultMavenResourcesFiltering - Copying 0 resource from src\test\resources to target\test-classes
2024-12-13 05:49:14,814 [Worker-69: Building] INFO  o.a.m.s.f.DefaultMavenResourcesFiltering - Copying 1 resource from src\main\resources to target\classes
2024-12-13 05:49:14,942 [Worker-69: Building] INFO  o.a.m.s.f.DefaultMavenResourcesFiltering - Copying 1 resource from src\main\resources to target\classes
2024-12-13 05:49:14,948 [Worker-69: Building] INFO  o.a.m.s.f.DefaultMavenResourcesFiltering - Copying 0 resource from src\test\resources to target\test-classes
2024-12-13 05:49:43,375 [Worker-67: Building] INFO  o.a.m.s.f.DefaultMavenResourcesFiltering - Copying 1 resource from src\main\resources to target\classes
2024-12-13 05:49:43,432 [Worker-67: Building] INFO  o.a.m.s.f.DefaultMavenResourcesFiltering - Copying 1 resource from src\main\resources to target\classes
2024-12-13 05:49:43,445 [Worker-67: Building] INFO  o.a.m.s.f.DefaultMavenResourcesFiltering - Copying 0 resource from src\test\resources to target\test-classes
2024-12-13 05:51:53,256 [Worker-67: Building] INFO  o.a.m.s.f.DefaultMavenResourcesFiltering - Copying 1 resource from src\main\resources to target\classes
2024-12-13 05:51:53,261 [Worker-67: Building] INFO  o.a.m.s.f.DefaultMavenResourcesFiltering - Copying 1 resource from src\main\resources to target\classes
2024-12-13 05:51:53,266 [Worker-67: Building] INFO  o.a.m.s.f.DefaultMavenResourcesFiltering - Copying 0 resource from src\test\resources to target\test-classes
2024-12-13 05:53:43,653 [Worker-70: Building] INFO  o.a.m.s.f.DefaultMavenResourcesFiltering - Copying 1 resource from src\main\resources to target\classes
2024-12-13 05:53:43,675 [Worker-70: Building] INFO  o.a.m.s.f.DefaultMavenResourcesFiltering - Copying 1 resource from src\main\resources to target\classes
2024-12-13 05:53:43,682 [Worker-70: Building] INFO  o.a.m.s.f.DefaultMavenResourcesFiltering - Copying 0 resource from src\test\resources to target\test-classes
2024-12-13 06:05:01,213 [Worker-77: Building] INFO  o.a.m.s.f.DefaultMavenResourcesFiltering - Copying 1 resource from src\main\resources to target\classes
2024-12-13 06:05:01,302 [Worker-77: Building] INFO  o.a.m.s.f.DefaultMavenResourcesFiltering - Copying 1 resource from src\main\resources to target\classes
2024-12-13 06:05:01,314 [Worker-77: Building] INFO  o.a.m.s.f.DefaultMavenResourcesFiltering - Copying 0 resource from src\test\resources to target\test-classes
2024-12-13 06:06:21,123 [Worker-78: Building] INFO  o.a.m.s.f.DefaultMavenResourcesFiltering - Copying 1 resource from src\main\resources to target\classes
2024-12-13 06:06:21,150 [Worker-78: Building] INFO  o.a.m.s.f.DefaultMavenResourcesFiltering - Copying 1 resource from src\main\resources to target\classes
2024-12-13 06:06:21,158 [Worker-78: Building] INFO  o.a.m.s.f.DefaultMavenResourcesFiltering - Copying 0 resource from src\test\resources to target\test-classes
2024-12-13 06:06:29,170 [Worker-75: Building] INFO  o.a.m.s.f.DefaultMavenResourcesFiltering - Copying 1 resource from src\main\resources to target\classes
2024-12-13 06:06:29,209 [Worker-75: Building] INFO  o.a.m.s.f.DefaultMavenResourcesFiltering - Copying 1 resource from src\main\resources to target\classes
2024-12-13 06:06:29,214 [Worker-75: Building] INFO  o.a.m.s.f.DefaultMavenResourcesFiltering - Copying 0 resource from src\test\resources to target\test-classes
2024-12-13 06:10:26,046 [Worker-73: Building] INFO  o.a.m.s.f.DefaultMavenResourcesFiltering - Copying 1 resource from src\main\resources to target\classes
2024-12-13 06:10:26,262 [Worker-73: Building] INFO  o.a.m.s.f.DefaultMavenResourcesFiltering - Copying 1 resource from src\main\resources to target\classes
2024-12-13 06:10:26,269 [Worker-73: Building] INFO  o.a.m.s.f.DefaultMavenResourcesFiltering - Copying 0 resource from src\test\resources to target\test-classes
2024-12-13 06:10:44,063 [Worker-82: Building] INFO  o.a.m.s.f.DefaultMavenResourcesFiltering - Copying 1 resource from src\main\resources to target\classes
2024-12-13 06:10:44,168 [Worker-82: Building] INFO  o.a.m.s.f.DefaultMavenResourcesFiltering - Copying 1 resource from src\main\resources to target\classes
2024-12-13 06:10:44,180 [Worker-82: Building] INFO  o.a.m.s.f.DefaultMavenResourcesFiltering - Copying 0 resource from src\test\resources to target\test-classes
2024-12-13 06:10:45,544 [Worker-81: Building] INFO  o.a.m.s.f.DefaultMavenResourcesFiltering - Copying 1 resource from src\main\resources to target\classes
2024-12-13 06:10:45,890 [Worker-81: Building] INFO  o.a.m.s.f.DefaultMavenResourcesFiltering - Copying 1 resource from src\main\resources to target\classes
2024-12-13 06:10:45,899 [Worker-81: Building] INFO  o.a.m.s.f.DefaultMavenResourcesFiltering - Copying 0 resource from src\test\resources to target\test-classes
2024-12-13 06:10:48,142 [Worker-77: Building] INFO  o.a.m.s.f.DefaultMavenResourcesFiltering - Copying 1 resource from src\main\resources to target\classes
2024-12-13 06:10:48,184 [Worker-77: Building] INFO  o.a.m.s.f.DefaultMavenResourcesFiltering - Copying 1 resource from src\main\resources to target\classes
2024-12-13 06:10:48,190 [Worker-77: Building] INFO  o.a.m.s.f.DefaultMavenResourcesFiltering - Copying 0 resource from src\test\resources to target\test-classes
2024-12-13 06:22:50,937 [Worker-91: Building] INFO  o.a.m.s.f.DefaultMavenResourcesFiltering - Copying 1 resource from src\main\resources to target\classes
2024-12-13 06:22:51,047 [Worker-91: Building] INFO  o.a.m.s.f.DefaultMavenResourcesFiltering - Copying 1 resource from src\main\resources to target\classes
2024-12-13 06:22:51,052 [Worker-91: Building] INFO  o.a.m.s.f.DefaultMavenResourcesFiltering - Copying 0 resource from src\test\resources to target\test-classes
2024-12-13 06:23:00,672 [Worker-90: Building] INFO  o.a.m.s.f.DefaultMavenResourcesFiltering - Copying 1 resource from src\main\resources to target\classes
2024-12-13 06:23:00,691 [Worker-90: Building] INFO  o.a.m.s.f.DefaultMavenResourcesFiltering - Copying 1 resource from src\main\resources to target\classes
2024-12-13 06:23:00,697 [Worker-90: Building] INFO  o.a.m.s.f.DefaultMavenResourcesFiltering - Copying 0 resource from src\test\resources to target\test-classes
2024-12-13 06:43:55,800 [Worker-104: Building] INFO  o.a.m.s.f.DefaultMavenResourcesFiltering - Copying 1 resource from src\main\resources to target\classes
2024-12-13 06:43:55,861 [Worker-104: Building] INFO  o.a.m.s.f.DefaultMavenResourcesFiltering - Copying 1 resource from src\main\resources to target\classes
2024-12-13 06:43:55,869 [Worker-104: Building] INFO  o.a.m.s.f.DefaultMavenResourcesFiltering - Copying 0 resource from src\test\resources to target\test-classes
2024-12-13 06:44:27,531 [Worker-106: Building] INFO  o.a.m.s.f.DefaultMavenResourcesFiltering - Copying 1 resource from src\main\resources to target\classes
2024-12-13 06:44:27,604 [Worker-106: Building] INFO  o.a.m.s.f.DefaultMavenResourcesFiltering - Copying 1 resource from src\main\resources to target\classes
2024-12-13 06:44:27,611 [Worker-106: Building] INFO  o.a.m.s.f.DefaultMavenResourcesFiltering - Copying 0 resource from src\test\resources to target\test-classes
2024-12-13 06:45:13,305 [Worker-96: Building] INFO  o.a.m.s.f.DefaultMavenResourcesFiltering - Copying 1 resource from src\main\resources to target\classes
2024-12-13 06:45:13,313 [Worker-96: Building] INFO  o.a.m.s.f.DefaultMavenResourcesFiltering - Copying 1 resource from src\main\resources to target\classes
2024-12-13 06:45:13,319 [Worker-96: Building] INFO  o.a.m.s.f.DefaultMavenResourcesFiltering - Copying 0 resource from src\test\resources to target\test-classes
2024-12-13 06:45:21,226 [Worker-96: Building] INFO  o.a.m.s.f.DefaultMavenResourcesFiltering - Copying 1 resource from src\main\resources to target\classes
2024-12-13 06:45:21,230 [Worker-96: Building] INFO  o.a.m.s.f.DefaultMavenResourcesFiltering - Copying 1 resource from src\main\resources to target\classes
2024-12-13 06:45:21,234 [Worker-96: Building] INFO  o.a.m.s.f.DefaultMavenResourcesFiltering - Copying 0 resource from src\test\resources to target\test-classes
2024-12-13 06:47:39,310 [Worker-97: Building] INFO  o.a.m.s.f.DefaultMavenResourcesFiltering - Copying 1 resource from src\main\resources to target\classes
2024-12-13 06:47:39,375 [Worker-97: Building] INFO  o.a.m.s.f.DefaultMavenResourcesFiltering - Copying 1 resource from src\main\resources to target\classes
2024-12-13 06:47:39,383 [Worker-97: Building] INFO  o.a.m.s.f.DefaultMavenResourcesFiltering - Copying 0 resource from src\test\resources to target\test-classes
2024-12-13 06:47:43,928 [Worker-106: Building] INFO  o.a.m.s.f.DefaultMavenResourcesFiltering - Copying 1 resource from src\main\resources to target\classes
2024-12-13 06:47:43,934 [Worker-106: Building] INFO  o.a.m.s.f.DefaultMavenResourcesFiltering - Copying 1 resource from src\main\resources to target\classes
2024-12-13 06:47:43,938 [Worker-106: Building] INFO  o.a.m.s.f.DefaultMavenResourcesFiltering - Copying 0 resource from src\test\resources to target\test-classes
2024-12-13 06:48:45,267 [Worker-97: Building] INFO  o.a.m.s.f.DefaultMavenResourcesFiltering - Copying 1 resource from src\main\resources to target\classes
2024-12-13 06:48:45,274 [Worker-97: Building] INFO  o.a.m.s.f.DefaultMavenResourcesFiltering - Copying 1 resource from src\main\resources to target\classes
2024-12-13 06:48:45,281 [Worker-97: Building] INFO  o.a.m.s.f.DefaultMavenResourcesFiltering - Copying 0 resource from src\test\resources to target\test-classes
2024-12-13 06:48:51,340 [Worker-106: Building] INFO  o.a.m.s.f.DefaultMavenResourcesFiltering - Copying 1 resource from src\main\resources to target\classes
2024-12-13 06:48:51,351 [Worker-106: Building] INFO  o.a.m.s.f.DefaultMavenResourcesFiltering - Copying 1 resource from src\main\resources to target\classes
2024-12-13 06:48:51,356 [Worker-106: Building] INFO  o.a.m.s.f.DefaultMavenResourcesFiltering - Copying 0 resource from src\test\resources to target\test-classes
2024-12-13 06:48:55,939 [Worker-106: Building] INFO  o.a.m.s.f.DefaultMavenResourcesFiltering - Copying 1 resource from src\main\resources to target\classes
2024-12-13 06:48:55,946 [Worker-106: Building] INFO  o.a.m.s.f.DefaultMavenResourcesFiltering - Copying 1 resource from src\main\resources to target\classes
2024-12-13 06:48:55,951 [Worker-106: Building] INFO  o.a.m.s.f.DefaultMavenResourcesFiltering - Copying 0 resource from src\test\resources to target\test-classes
2024-12-13 06:49:01,326 [Worker-97: Building] INFO  o.a.m.s.f.DefaultMavenResourcesFiltering - Copying 1 resource from src\main\resources to target\classes
2024-12-13 06:49:01,332 [Worker-97: Building] INFO  o.a.m.s.f.DefaultMavenResourcesFiltering - Copying 1 resource from src\main\resources to target\classes
2024-12-13 06:49:01,338 [Worker-97: Building] INFO  o.a.m.s.f.DefaultMavenResourcesFiltering - Copying 0 resource from src\test\resources to target\test-classes
2024-12-13 06:53:28,481 [Worker-97: Building] INFO  o.a.m.s.f.DefaultMavenResourcesFiltering - Copying 1 resource from src\main\resources to target\classes
2024-12-13 06:53:28,658 [Worker-97: Building] INFO  o.a.m.s.f.DefaultMavenResourcesFiltering - Copying 1 resource from src\main\resources to target\classes
2024-12-13 06:53:28,669 [Worker-97: Building] INFO  o.a.m.s.f.DefaultMavenResourcesFiltering - Copying 0 resource from src\test\resources to target\test-classes
2024-12-13 16:38:23,365 [Worker-141: Building] INFO  o.a.m.s.f.DefaultMavenResourcesFiltering - Copying 1 resource from src\main\resources to target\classes
2024-12-13 16:38:24,632 [Worker-141: Building] INFO  o.a.m.s.f.DefaultMavenResourcesFiltering - Copying 1 resource from src\main\resources to target\classes
2024-12-13 16:38:24,775 [Worker-141: Building] INFO  o.a.m.s.f.DefaultMavenResourcesFiltering - Copying 0 resource from src\test\resources to target\test-classes
2024-12-13 16:45:24,115 [Worker-142: Building] INFO  o.a.m.s.f.DefaultMavenResourcesFiltering - Copying 1 resource from src\main\resources to target\classes
2024-12-13 16:45:24,266 [Worker-142: Building] INFO  o.a.m.s.f.DefaultMavenResourcesFiltering - Copying 1 resource from src\main\resources to target\classes
2024-12-13 16:45:24,285 [Worker-142: Building] INFO  o.a.m.s.f.DefaultMavenResourcesFiltering - Copying 0 resource from src\test\resources to target\test-classes
2024-12-13 16:50:29,844 [Worker-144: Building] INFO  o.a.m.s.f.DefaultMavenResourcesFiltering - Copying 1 resource from src\main\resources to target\classes
2024-12-13 16:50:29,946 [Worker-144: Building] INFO  o.a.m.s.f.DefaultMavenResourcesFiltering - Copying 1 resource from src\main\resources to target\classes
2024-12-13 16:50:29,969 [Worker-144: Building] INFO  o.a.m.s.f.DefaultMavenResourcesFiltering - Copying 0 resource from src\test\resources to target\test-classes
2024-12-13 16:51:00,171 [Worker-142: Building] INFO  o.a.m.s.f.DefaultMavenResourcesFiltering - Copying 1 resource from src\main\resources to target\classes
2024-12-13 16:51:00,195 [Worker-142: Building] INFO  o.a.m.s.f.DefaultMavenResourcesFiltering - Copying 1 resource from src\main\resources to target\classes
2024-12-13 16:51:00,297 [Worker-142: Building] INFO  o.a.m.s.f.DefaultMavenResourcesFiltering - Copying 0 resource from src\test\resources to target\test-classes
2024-12-13 16:51:11,055 [Worker-145: Building] INFO  o.a.m.s.f.DefaultMavenResourcesFiltering - Copying 1 resource from src\main\resources to target\classes
2024-12-13 16:51:11,073 [Worker-145: Building] INFO  o.a.m.s.f.DefaultMavenResourcesFiltering - Copying 1 resource from src\main\resources to target\classes
2024-12-13 16:51:11,101 [Worker-145: Building] INFO  o.a.m.s.f.DefaultMavenResourcesFiltering - Copying 0 resource from src\test\resources to target\test-classes
2024-12-13 16:51:35,505 [Worker-144: Building] INFO  o.a.m.s.f.DefaultMavenResourcesFiltering - Copying 1 resource from src\main\resources to target\classes
2024-12-13 16:51:35,528 [Worker-144: Building] INFO  o.a.m.s.f.DefaultMavenResourcesFiltering - Copying 1 resource from src\main\resources to target\classes
2024-12-13 16:51:35,545 [Worker-144: Building] INFO  o.a.m.s.f.DefaultMavenResourcesFiltering - Copying 0 resource from src\test\resources to target\test-classes
2024-12-13 16:54:44,403 [Worker-148: Building] INFO  o.a.m.s.f.DefaultMavenResourcesFiltering - Copying 1 resource from src\main\resources to target\classes
2024-12-13 16:54:44,430 [Worker-148: Building] INFO  o.a.m.s.f.DefaultMavenResourcesFiltering - Copying 1 resource from src\main\resources to target\classes
2024-12-13 16:54:44,442 [Worker-148: Building] INFO  o.a.m.s.f.DefaultMavenResourcesFiltering - Copying 0 resource from src\test\resources to target\test-classes
2024-12-13 16:55:47,925 [Worker-141: Building] INFO  o.a.m.s.f.DefaultMavenResourcesFiltering - Copying 1 resource from src\main\resources to target\classes
2024-12-13 16:55:47,939 [Worker-141: Building] INFO  o.a.m.s.f.DefaultMavenResourcesFiltering - Copying 1 resource from src\main\resources to target\classes
2024-12-13 16:55:47,950 [Worker-141: Building] INFO  o.a.m.s.f.DefaultMavenResourcesFiltering - Copying 0 resource from src\test\resources to target\test-classes
2024-12-13 16:56:03,838 [Worker-147: Building] INFO  o.a.m.s.f.DefaultMavenResourcesFiltering - Copying 1 resource from src\main\resources to target\classes
2024-12-13 16:56:04,082 [Worker-147: Building] INFO  o.a.m.s.f.DefaultMavenResourcesFiltering - Copying 1 resource from src\main\resources to target\classes
2024-12-13 16:56:04,179 [Worker-147: Building] INFO  o.a.m.s.f.DefaultMavenResourcesFiltering - Copying 0 resource from src\test\resources to target\test-classes
2024-12-13 16:56:21,143 [Worker-142: Building] INFO  o.a.m.s.f.DefaultMavenResourcesFiltering - Copying 1 resource from src\main\resources to target\classes
2024-12-13 16:56:21,160 [Worker-142: Building] INFO  o.a.m.s.f.DefaultMavenResourcesFiltering - Copying 1 resource from src\main\resources to target\classes
2024-12-13 16:56:21,269 [Worker-142: Building] INFO  o.a.m.s.f.DefaultMavenResourcesFiltering - Copying 0 resource from src\test\resources to target\test-classes
2024-12-13 16:56:54,755 [Worker-142: Building] INFO  o.a.m.s.f.DefaultMavenResourcesFiltering - Copying 1 resource from src\main\resources to target\classes
2024-12-13 16:56:54,786 [Worker-142: Building] INFO  o.a.m.s.f.DefaultMavenResourcesFiltering - Copying 1 resource from src\main\resources to target\classes
2024-12-13 16:56:54,798 [Worker-142: Building] INFO  o.a.m.s.f.DefaultMavenResourcesFiltering - Copying 0 resource from src\test\resources to target\test-classes
2024-12-13 16:57:35,734 [Worker-148: Building] INFO  o.a.m.s.f.DefaultMavenResourcesFiltering - Copying 1 resource from src\main\resources to target\classes
2024-12-13 16:57:35,755 [Worker-148: Building] INFO  o.a.m.s.f.DefaultMavenResourcesFiltering - Copying 1 resource from src\main\resources to target\classes
2024-12-13 16:57:35,774 [Worker-148: Building] INFO  o.a.m.s.f.DefaultMavenResourcesFiltering - Copying 0 resource from src\test\resources to target\test-classes
2024-12-13 16:58:10,776 [Worker-146: Building] INFO  o.a.m.s.f.DefaultMavenResourcesFiltering - Copying 1 resource from src\main\resources to target\classes
2024-12-13 16:58:10,797 [Worker-146: Building] INFO  o.a.m.s.f.DefaultMavenResourcesFiltering - Copying 1 resource from src\main\resources to target\classes
2024-12-13 16:58:10,806 [Worker-146: Building] INFO  o.a.m.s.f.DefaultMavenResourcesFiltering - Copying 0 resource from src\test\resources to target\test-classes
2024-12-13 16:58:27,351 [Worker-145: Building] INFO  o.a.m.s.f.DefaultMavenResourcesFiltering - Copying 1 resource from src\main\resources to target\classes
2024-12-13 16:58:27,357 [Worker-145: Building] INFO  o.a.m.s.f.DefaultMavenResourcesFiltering - Copying 1 resource from src\main\resources to target\classes
2024-12-13 16:58:27,364 [Worker-145: Building] INFO  o.a.m.s.f.DefaultMavenResourcesFiltering - Copying 0 resource from src\test\resources to target\test-classes
2024-12-13 17:03:07,006 [Worker-144: Building] INFO  o.a.m.s.f.DefaultMavenResourcesFiltering - Copying 1 resource from src\main\resources to target\classes
2024-12-13 17:03:07,105 [Worker-144: Building] INFO  o.a.m.s.f.DefaultMavenResourcesFiltering - Copying 1 resource from src\main\resources to target\classes
2024-12-13 17:03:07,138 [Worker-144: Building] INFO  o.a.m.s.f.DefaultMavenResourcesFiltering - Copying 0 resource from src\test\resources to target\test-classes
2024-12-13 17:03:27,265 [Worker-144: Building] INFO  o.a.m.s.f.DefaultMavenResourcesFiltering - Copying 1 resource from src\main\resources to target\classes
2024-12-13 17:03:27,411 [Worker-144: Building] INFO  o.a.m.s.f.DefaultMavenResourcesFiltering - Copying 1 resource from src\main\resources to target\classes
2024-12-13 17:03:27,437 [Worker-144: Building] INFO  o.a.m.s.f.DefaultMavenResourcesFiltering - Copying 0 resource from src\test\resources to target\test-classes
2024-12-13 17:03:36,385 [Worker-148: Building] INFO  o.a.m.s.f.DefaultMavenResourcesFiltering - Copying 1 resource from src\main\resources to target\classes
2024-12-13 17:03:36,491 [Worker-148: Building] INFO  o.a.m.s.f.DefaultMavenResourcesFiltering - Copying 1 resource from src\main\resources to target\classes
2024-12-13 17:03:36,499 [Worker-148: Building] INFO  o.a.m.s.f.DefaultMavenResourcesFiltering - Copying 0 resource from src\test\resources to target\test-classes
2024-12-13 17:08:09,399 [Worker-150: Building] INFO  o.a.m.s.f.DefaultMavenResourcesFiltering - Copying 1 resource from src\main\resources to target\classes
2024-12-13 17:08:09,503 [Worker-150: Building] INFO  o.a.m.s.f.DefaultMavenResourcesFiltering - Copying 1 resource from src\main\resources to target\classes
2024-12-13 17:08:09,515 [Worker-150: Building] INFO  o.a.m.s.f.DefaultMavenResourcesFiltering - Copying 0 resource from src\test\resources to target\test-classes
2024-12-13 17:14:59,015 [Worker-154: Building] INFO  o.a.m.s.f.DefaultMavenResourcesFiltering - Copying 1 resource from src\main\resources to target\classes
2024-12-13 17:14:59,199 [Worker-154: Building] INFO  o.a.m.s.f.DefaultMavenResourcesFiltering - Copying 1 resource from src\main\resources to target\classes
2024-12-13 17:14:59,220 [Worker-154: Building] INFO  o.a.m.s.f.DefaultMavenResourcesFiltering - Copying 0 resource from src\test\resources to target\test-classes
2025-01-31 07:46:23,058 [Worker-7: Loading available Gradle versions] INFO  o.e.b.c.i.u.g.PublishedGradleVersions - Gradle version information cache is up-to-date. Trying to read.
2025-02-08 18:16:36,878 [Worker-3: Loading available Gradle versions] INFO  o.e.b.c.i.u.g.PublishedGradleVersions - Gradle version information cache is up-to-date. Trying to read.
2025-02-08 18:17:35,851 [Worker-8: Updating Maven Dependencies] INFO  o.e.m.c.i.l.LifecycleMappingFactory - Using org.eclipse.m2e.jdt.JarLifecycleMapping lifecycle mapping for MavenProject: com.farmbridge:com.farmbridge:0.0.1-SNAPSHOT @ D:\DAC\Major Project\Final\FarmbrigdeBackend\FarmbrigdeBackend\com.farmbridge\pom.xml.
2025-02-08 18:17:39,684 [Worker-8: Updating Maven Dependencies] WARN  o.a.m.r.i.DefaultArtifactDescriptorReader - 1 problem was encountered while building the effective model for org.javassist:javassist:jar:3.21.0-GA during dependency collection step for project (use -X to see details)
2025-02-08 18:18:01,227 [Worker-2: Building] INFO  o.a.m.s.f.DefaultMavenResourcesFiltering - Copying 1 resource from src\main\resources to target\classes
2025-02-08 18:18:01,342 [Worker-2: Building] INFO  o.a.m.s.f.DefaultMavenResourcesFiltering - Copying 1 resource from src\main\resources to target\classes
2025-02-08 18:18:02,173 [Worker-2: Building] INFO  o.a.m.s.f.DefaultMavenResourcesFiltering - Copying 0 resource from src\test\resources to target\test-classes
2025-02-08 18:18:22,339 [Worker-0: Updating Maven Project] INFO  o.e.m.c.i.p.ProjectConfigurationManager - Update started
2025-02-08 18:18:24,571 [Worker-0: Updating Maven Project] INFO  o.e.m.c.i.l.LifecycleMappingFactory - Using org.eclipse.m2e.jdt.JarLifecycleMapping lifecycle mapping for MavenProject: com.farmbridge:com.farmbridge:0.0.1-SNAPSHOT @ D:\DAC\Major Project\Final\FarmbrigdeBackend\FarmbrigdeBackend\com.farmbridge\pom.xml.
2025-02-08 18:18:25,687 [Worker-0: Updating Maven Project] WARN  o.a.m.r.i.DefaultArtifactDescriptorReader - 1 problem was encountered while building the effective model for org.javassist:javassist:jar:3.21.0-GA during dependency collection step for project (use -X to see details)
2025-02-08 18:18:27,172 [Worker-0: Updating Maven Project] INFO  o.e.m.j.i.AbstractJavaProjectConfigurator - Adding source folder /com.farmbridge/src/main/java
2025-02-08 18:18:27,179 [Worker-0: Updating Maven Project] INFO  o.e.m.j.i.AbstractJavaProjectConfigurator - Adding resource folder /com.farmbridge/src/main/resources
2025-02-08 18:18:27,182 [Worker-0: Updating Maven Project] INFO  o.e.m.j.i.AbstractJavaProjectConfigurator - Adding resource folder /com.farmbridge/src/main/resources
2025-02-08 18:18:27,183 [Worker-0: Updating Maven Project] INFO  o.e.m.j.i.AbstractJavaProjectConfigurator - Adding source folder /com.farmbridge/src/test/java
2025-02-08 18:18:27,186 [Worker-0: Updating Maven Project] INFO  o.e.m.j.i.AbstractJavaProjectConfigurator - Adding resource folder /com.farmbridge/src/test/resources
2025-02-08 18:18:28,797 [Worker-0: Updating Maven Project] INFO  o.e.m.c.i.p.ProjectConfigurationManager - Update completed for 1 poms: local refresh takes 0.00 sec, refresh facades takes 4.00 sec, update config takes 1.00 sec 
2025-02-08 18:18:31,142 [Worker-7: Building] INFO  o.a.m.s.f.DefaultMavenResourcesFiltering - Copying 1 resource from src\main\resources to target\classes
2025-02-08 18:18:31,191 [Worker-7: Building] INFO  o.a.m.s.f.DefaultMavenResourcesFiltering - Copying 1 resource from src\main\resources to target\classes
2025-02-08 18:18:31,211 [Worker-7: Building] INFO  o.a.m.s.f.DefaultMavenResourcesFiltering - Copying 0 resource from src\test\resources to target\test-classes
